<?xml version="1.0" encoding="UTF-8"?>
<!-- Generated by org.testng.reporters.JUnitXMLReporter -->
<testsuite hostname="LAPTOP-96DAR4HK" name="Test" tests="6" failures="0" timestamp="24 Jul 2020 08:34:59 GMT" time="0.142" errors="0">
  <testcase name="test1" time="0.037" classname="TestngGroups.Testgroups"/>
  <testcase name="test2" time="0.0" classname="TestngGroups.Testgroups"/>
  <testcase name="test3" time="0.0" classname="TestngGroups.Testgroups"/>
  <testcase name="test4" time="0.0" classname="TestngGroups.Testgroups"/>
  <testcase name="test5" time="0.009" classname="TestngGroups.Testgroups"/>
  <testcase name="test6" time="0.0" classname="TestngGroups.Testgroups"/>
</testsuite> <!-- Test -->
