<?xml version="1.0" encoding="UTF-8"?>
<!-- Generated by org.testng.reporters.JUnitXMLReporter -->
<testsuite hostname="LAPTOP-96DAR4HK" name="TestonIE" tests="1" failures="0" timestamp="9 Mar 2020 09:37:35 GMT" time="0.666" errors="0">
  <testcase name="@BeforeTest setpu" time="0.0" classname="Excelutil.MultipleBrowsersopen">
    <failure type="java.lang.IllegalStateException" message="The driver executable does not exist: C:\Eclipse\Mavenproject‪‪‪‪‪\src\driver\InternetExplorerDriver.exe">
      <![CDATA[java.lang.IllegalStateException: The driver executable does not exist: C:\Eclipse\Mavenproject‪‪‪‪‪\src\driver\InternetExplorerDriver.exe
	at com.google.common.base.Preconditions.checkState(Preconditions.java:585)
	at org.openqa.selenium.remote.service.DriverService.checkExecutable(DriverService.java:137)
	at org.openqa.selenium.remote.service.DriverService.findExecutable(DriverService.java:132)
	at org.openqa.selenium.ie.InternetExplorerDriverService.access$000(InternetExplorerDriverService.java:35)
	at org.openqa.selenium.ie.InternetExplorerDriverService$Builder.findDefaultExecutable(InternetExplorerDriverService.java:188)
	at org.openqa.selenium.remote.service.DriverService$Builder.build(DriverService.java:346)
	at org.openqa.selenium.ie.InternetExplorerDriver.setupService(InternetExplorerDriver.java:281)
	at org.openqa.selenium.ie.InternetExplorerDriver.<init>(InternetExplorerDriver.java:211)
	at org.openqa.selenium.ie.InternetExplorerDriver.<init>(InternetExplorerDriver.java:150)
	at Excelutil.MultipleBrowsersopen.setpu(MultipleBrowsersopen.java:32)
	at java.util.concurrent.FutureTask.run(Unknown Source)
	at java.util.concurrent.ThreadPoolExecutor.runWorker(Unknown Source)
	at java.util.concurrent.ThreadPoolExecutor$Worker.run(Unknown Source)
	at java.lang.Thread.run(Unknown Source)
... Removed 14 stack frames]]>
    </failure>
  </testcase> <!-- @BeforeTest setpu -->
  <testcase name="@AfterTest close" time="0.0" classname="Excelutil.MultipleBrowsersopen">
    <skipped/>
  </testcase> <!-- @AfterTest close -->
  <testcase name="test1" time="0.002" classname="Excelutil.MultipleBrowsersopen">
    <skipped/>
  </testcase> <!-- test1 -->
</testsuite> <!-- TestonIE -->
