<?xml version="1.0" encoding="UTF-8"?>
<!-- Generated by org.testng.reporters.JUnitXMLReporter -->
<testsuite hostname="LAPTOP-96DAR4HK" name="Test1" tests="1" failures="0" timestamp="9 Mar 2020 05:24:28 GMT" time="0.253" errors="0">
  <testcase name="@BeforeTest setpu" time="0.0" classname="Excelutil.MultipleBrowsersopen">
    <failure type="java.lang.IllegalStateException" message="The driver executable does not exist: C:\Eclipse\Mavenproject‪‪‪‪‪\src\driver\chromedriver.exe">
      <![CDATA[java.lang.IllegalStateException: The driver executable does not exist: C:\Eclipse\Mavenproject‪‪‪‪‪\src\driver\chromedriver.exe
	at com.google.common.base.Preconditions.checkState(Preconditions.java:585)
	at org.openqa.selenium.remote.service.DriverService.checkExecutable(DriverService.java:137)
	at org.openqa.selenium.remote.service.DriverService.findExecutable(DriverService.java:132)
	at org.openqa.selenium.chrome.ChromeDriverService.access$000(ChromeDriverService.java:35)
	at org.openqa.selenium.chrome.ChromeDriverService$Builder.findDefaultExecutable(ChromeDriverService.java:156)
	at org.openqa.selenium.remote.service.DriverService$Builder.build(DriverService.java:346)
	at org.openqa.selenium.chrome.ChromeDriverService.createDefaultService(ChromeDriverService.java:91)
	at org.openqa.selenium.chrome.ChromeDriver.<init>(ChromeDriver.java:123)
	at Excelutil.MultipleBrowsersopen.setpu(MultipleBrowsersopen.java:23)
... Removed 22 stack frames]]>
    </failure>
  </testcase> <!-- @BeforeTest setpu -->
  <testcase name="@AfterTest close" time="0.0" classname="Excelutil.MultipleBrowsersopen">
    <skipped/>
  </testcase> <!-- @AfterTest close -->
  <testcase name="test1" time="0.003" classname="Excelutil.MultipleBrowsersopen">
    <skipped/>
  </testcase> <!-- test1 -->
</testsuite> <!-- Test1 -->
