<?xml version="1.0" encoding="UTF-8"?>
<!-- Generated by org.testng.reporters.JUnitXMLReporter -->
<testsuite hostname="LAPTOP-96DAR4HK" name="TestonFirefox" tests="1" failures="1" timestamp="9 Mar 2020 09:37:34 GMT" time="0.158" errors="0">
  <testcase name="@AfterTest close" time="0.0" classname="Excelutil.MultipleBrowsersopen">
    <failure type="java.lang.NullPointerException">
      <![CDATA[java.lang.NullPointerException
	at Excelutil.MultipleBrowsersopen.close(MultipleBrowsersopen.java:44)
	at java.util.concurrent.FutureTask.run(Unknown Source)
	at java.util.concurrent.ThreadPoolExecutor.runWorker(Unknown Source)
	at java.util.concurrent.ThreadPoolExecutor$Worker.run(Unknown Source)
	at java.lang.Thread.run(Unknown Source)
... Removed 14 stack frames]]>
    </failure>
  </testcase> <!-- @AfterTest close -->
  <testcase name="test1" time="0.022" classname="Excelutil.MultipleBrowsersopen">
    <failure type="java.lang.NullPointerException">
      <![CDATA[java.lang.NullPointerException
	at Excelutil.MultipleBrowsersopen.test1(MultipleBrowsersopen.java:37)
	at java.util.concurrent.FutureTask.run(Unknown Source)
	at java.util.concurrent.ThreadPoolExecutor.runWorker(Unknown Source)
	at java.util.concurrent.ThreadPoolExecutor$Worker.run(Unknown Source)
	at java.lang.Thread.run(Unknown Source)
... Removed 16 stack frames]]>
    </failure>
  </testcase> <!-- test1 -->
</testsuite> <!-- TestonFirefox -->
