<?xml version="1.0" encoding="UTF-8"?>
<testng-results skipped="0" failed="0" total="6" passed="6">
  <reporter-output>
  </reporter-output>
  <suite name="Suite" duration-ms="142" started-at="2020-07-24T08:34:58Z" finished-at="2020-07-24T08:34:58Z">
    <groups>
      <group name="regerssion">
        <method signature="Testgroups.test3()[pri:0, instance:TestngGroups.Testgroups@27abe2cd]" name="test3" class="TestngGroups.Testgroups"/>
      </group> <!-- regerssion -->
      <group name="smoke">
        <method signature="Testgroups.test2()[pri:0, instance:TestngGroups.Testgroups@27abe2cd]" name="test2" class="TestngGroups.Testgroups"/>
      </group> <!-- smoke -->
      <group name="sanity">
        <method signature="Testgroups.test1()[pri:0, instance:TestngGroups.Testgroups@27abe2cd]" name="test1" class="TestngGroups.Testgroups"/>
        <method signature="Testgroups.test2()[pri:0, instance:TestngGroups.Testgroups@27abe2cd]" name="test2" class="TestngGroups.Testgroups"/>
      </group> <!-- sanity -->
      <group name="asnity">
        <method signature="Testgroups.test3()[pri:0, instance:TestngGroups.Testgroups@27abe2cd]" name="test3" class="TestngGroups.Testgroups"/>
      </group> <!-- asnity -->
    </groups>
    <test name="Test" duration-ms="142" started-at="2020-07-24T08:34:58Z" finished-at="2020-07-24T08:34:58Z">
      <class name="TestngGroups.Testgroups">
        <test-method status="PASS" signature="test1()[pri:0, instance:TestngGroups.Testgroups@27abe2cd]" name="test1" duration-ms="37" started-at="2020-07-24T14:04:58Z" finished-at="2020-07-24T14:04:58Z">
          <reporter-output>
          </reporter-output>
        </test-method> <!-- test1 -->
        <test-method status="PASS" signature="test2()[pri:0, instance:TestngGroups.Testgroups@27abe2cd]" name="test2" duration-ms="0" started-at="2020-07-24T14:04:58Z" finished-at="2020-07-24T14:04:58Z">
          <reporter-output>
          </reporter-output>
        </test-method> <!-- test2 -->
        <test-method status="PASS" signature="test3()[pri:0, instance:TestngGroups.Testgroups@27abe2cd]" name="test3" duration-ms="0" started-at="2020-07-24T14:04:58Z" finished-at="2020-07-24T14:04:58Z">
          <reporter-output>
          </reporter-output>
        </test-method> <!-- test3 -->
        <test-method status="PASS" signature="test4()[pri:0, instance:TestngGroups.Testgroups@27abe2cd]" name="test4" duration-ms="0" started-at="2020-07-24T14:04:58Z" finished-at="2020-07-24T14:04:58Z">
          <reporter-output>
          </reporter-output>
        </test-method> <!-- test4 -->
        <test-method status="PASS" signature="test5()[pri:0, instance:TestngGroups.Testgroups@27abe2cd]" name="test5" duration-ms="9" started-at="2020-07-24T14:04:58Z" finished-at="2020-07-24T14:04:58Z">
          <reporter-output>
          </reporter-output>
        </test-method> <!-- test5 -->
        <test-method status="PASS" signature="test6()[pri:0, instance:TestngGroups.Testgroups@27abe2cd]" name="test6" duration-ms="0" started-at="2020-07-24T14:04:58Z" finished-at="2020-07-24T14:04:58Z">
          <reporter-output>
          </reporter-output>
        </test-method> <!-- test6 -->
      </class> <!-- TestngGroups.Testgroups -->
    </test> <!-- Test -->
  </suite> <!-- Suite -->
</testng-results>
